<?xml version="1.0" encoding="UTF-8"?>
<testng-results ignored="0" total="2" passed="2" failed="0" skipped="0">
  <reporter-output>
  </reporter-output>
  <suite started-at="2021-07-29T13:36:07 IST" name="Product_Fuctional" finished-at="2021-07-29T13:37:39 IST" duration-ms="92087">
    <groups>
      <group name="Smoke">
        <method signature="NaukriTest.NaukriTest_01(java.lang.String,java.lang.String,java.lang.String,java.lang.String)[pri:1, instance:testCases.NaukriTest@30ee2816]" name="NaukriTest_01" class="testCases.NaukriTest"/>
        <method signature="NaukriTest.NaukriTest_02(java.lang.String,java.lang.String,java.lang.String,java.lang.String)[pri:2, instance:testCases.NaukriTest@30ee2816]" name="NaukriTest_02" class="testCases.NaukriTest"/>
      </group> <!-- Smoke -->
    </groups>
    <test started-at="2021-07-29T13:36:07 IST" name="Test" finished-at="2021-07-29T13:37:39 IST" duration-ms="92087">
      <class name="testCases.NaukriTest">
        <test-method signature="NaukriTest_01(java.lang.String,java.lang.String,java.lang.String,java.lang.String)[pri:1, instance:testCases.NaukriTest@30ee2816]" started-at="2021-07-29T13:36:07 IST" name="NaukriTest_01" finished-at="2021-07-29T13:36:53 IST" duration-ms="45545" status="PASS">
          <params>
            <param index="0">
              <value>
                <![CDATA[ralphbruno771@gmail.com]]>
              </value>
            </param>
            <param index="1">
              <value>
                <![CDATA[Jesuschrist@2000]]>
              </value>
            </param>
            <param index="2">
              <value>
                <![CDATA[Senior QA Engineer]]>
              </value>
            </param>
            <param index="3">
              <value>
                <![CDATA[Chennai]]>
              </value>
            </param>
          </params>
          <reporter-output>
          </reporter-output>
        </test-method> <!-- NaukriTest_01 -->
        <test-method signature="NaukriTest_02(java.lang.String,java.lang.String,java.lang.String,java.lang.String)[pri:2, instance:testCases.NaukriTest@30ee2816]" started-at="2021-07-29T13:36:53 IST" name="NaukriTest_02" finished-at="2021-07-29T13:37:39 IST" duration-ms="46458" status="PASS">
          <params>
            <param index="0">
              <value>
                <![CDATA[ralphbruno771@gmail.com]]>
              </value>
            </param>
            <param index="1">
              <value>
                <![CDATA[Jesuschrist@2000]]>
              </value>
            </param>
            <param index="2">
              <value>
                <![CDATA[Software Development Engineer]]>
              </value>
            </param>
            <param index="3">
              <value>
                <![CDATA[Banglore]]>
              </value>
            </param>
          </params>
          <reporter-output>
          </reporter-output>
        </test-method> <!-- NaukriTest_02 -->
      </class> <!-- testCases.NaukriTest -->
    </test> <!-- Test -->
  </suite> <!-- Product_Fuctional -->
</testng-results>
