<?xml version="1.0" encoding="UTF-8"?>
<!-- Generated by org.testng.reporters.JUnitXMLReporter -->
<testsuite ignored="1" hostname="Ralph-HP" failures="0" tests="1" name="Test(failed)" time="56.319" errors="0" timestamp="2021-07-20T14:55:53 IST">
  <testcase classname="testCases.NaukriTest" name="NaukriTest_02" time="56.26"/>
  <testcase classname="testCases.NaukriTest" name="NaukriTest_01" time="0.0">
    <ignored/>
  </testcase> <!-- NaukriTest_01 -->
</testsuite> <!-- Test(failed) -->
